#
# A fatal error has been detected by the Java Runtime Environment:
#
#  Internal Error (./src/hotspot/share/interpreter/oopMapCache.cpp:111), pid=24044, tid=24656
#  Error: ShouldNotReachHere()
#
# JRE version: OpenJDK Runtime Environment AdoptOpenJDK (14.0.2+12) (build 14.0.2+12)
# Java VM: OpenJDK 64-Bit Server VM AdoptOpenJDK (14.0.2+12, mixed mode, sharing, tiered, compressed oops, g1 gc, windows-amd64)
# No core dump will be written. Minidumps are not enabled by default on client versions of Windows
#
# If you would like to submit a bug report, please visit:
#   https://github.com/AdoptOpenJDK/openjdk-support/issues
#

---------------  S U M M A R Y ------------

Command Line: -agentlib:jdwp=transport=dt_socket,address=127.0.0.1:7001,suspend=y,server=n -ea -Didea.test.cyclic.buffer.size=1048576 -javaagent:C:\Users\18422\AppData\Local\JetBrains\IdeaIC2020.3\groovyHotSwap\gragent.jar -javaagent:C:\Users\18422\AppData\Local\JetBrains\IdeaIC2020.3\captureAgent\debugger-agent.jar -Dfile.encoding=UTF-8 com.intellij.rt.junit.JUnitStarter -ideVersion5 -junit5 priorityqueues.ArrayHeapMinPQTests$Add3Same,removeMinRepeatedly_returnsAllItems

Host: Intel(R) Core(TM) i7-9750H CPU @ 2.60GHz, 12 cores, 15G,  Windows 10 , 64 bit Build 19041 (10.0.19041.928)
Time: Mon May 10 16:43:54 2021 中国标准时间 elapsed time: 1639 seconds (0d 0h 27m 19s)

---------------  T H R E A D  ---------------

Current thread (0x000001906ecb9000):  JavaThread "JDWP Transport Listener: dt_socket" daemon [_thread_in_vm, id=24656, stack(0x000000562f500000,0x000000562f600000)] _threads_hazard_ptr=0x000001906f830510

Stack: [0x000000562f500000,0x000000562f600000]
Native frames: (J=compiled Java code, j=interpreted, Vv=VM code, C=native code)
V  [jvm.dll+0x5fd67a]
V  [jvm.dll+0x79785a]
V  [jvm.dll+0x79900f]
V  [jvm.dll+0x799607]
V  [jvm.dll+0x20f05c]
V  [jvm.dll+0x20efc3]
V  [jvm.dll+0x5ec75f]
V  [jvm.dll+0x5ec4bd]
V  [jvm.dll+0x5b3233]
V  [jvm.dll+0x78eecf]
V  [jvm.dll+0x4c21a1]
V  [jvm.dll+0x79e45b]
V  [jvm.dll+0x4a882e]
V  [jvm.dll+0x4770fb]
C  [jdwp.dll+0x751f]


---------------  P R O C E S S  ---------------

Threads class SMR info:
_java_thread_list=0x000001906f830510, length=14, elements={
0x0000019049e21000, 0x000001906e24e800, 0x000001906e254000, 0x000001906eafd800,
0x000001906eb01000, 0x000001906eb03800, 0x000001906eb05000, 0x000001906eb0a000,
0x000001906eb13800, 0x000001906eaf1000, 0x000001906ecb9000, 0x000001906ed26000,
0x000001906ed2c800, 0x000001906ed39800
}

Java Threads: ( => current thread )
  0x0000019049e21000 JavaThread "main" [_thread_blocked, id=24388, stack(0x000000562e400000,0x000000562e500000)]
  0x000001906e24e800 JavaThread "Reference Handler" daemon [_thread_blocked, id=5660, stack(0x000000562eb00000,0x000000562ec00000)]
  0x000001906e254000 JavaThread "Finalizer" daemon [_thread_blocked, id=10832, stack(0x000000562ec00000,0x000000562ed00000)]
  0x000001906eafd800 JavaThread "Signal Dispatcher" daemon [_thread_blocked, id=14280, stack(0x000000562ed00000,0x000000562ee00000)]
  0x000001906eb01000 JavaThread "Attach Listener" daemon [_thread_blocked, id=23852, stack(0x000000562ee00000,0x000000562ef00000)]
  0x000001906eb03800 JavaThread "Service Thread" daemon [_thread_blocked, id=19252, stack(0x000000562ef00000,0x000000562f000000)]
  0x000001906eb05000 JavaThread "C2 CompilerThread0" daemon [_thread_blocked, id=26340, stack(0x000000562f000000,0x000000562f100000)]
  0x000001906eb0a000 JavaThread "C1 CompilerThread0" daemon [_thread_blocked, id=26056, stack(0x000000562f100000,0x000000562f200000)]
  0x000001906eb13800 JavaThread "Sweeper thread" daemon [_thread_blocked, id=26184, stack(0x000000562f200000,0x000000562f300000)]
  0x000001906eaf1000 JavaThread "Common-Cleaner" daemon [_thread_blocked, id=23060, stack(0x000000562f300000,0x000000562f400000)]
=>0x000001906ecb9000 JavaThread "JDWP Transport Listener: dt_socket" daemon [_thread_in_vm, id=24656, stack(0x000000562f500000,0x000000562f600000)] _threads_hazard_ptr=0x000001906f830510
  0x000001906ed26000 JavaThread "JDWP Event Helper Thread" daemon [_thread_blocked, id=9608, stack(0x000000562f600000,0x000000562f700000)]
  0x000001906ed2c800 JavaThread "JDWP Command Reader" daemon [_thread_in_native, id=21768, stack(0x000000562f700000,0x000000562f800000)]
  0x000001906ed39800 JavaThread "Notification Thread" daemon [_thread_blocked, id=13940, stack(0x000000562f800000,0x000000562f900000)]

Other Threads:
  0x000001906e24d000 VMThread "VM Thread" [stack: 0x000000562ea00000,0x000000562eb00000] [id=26140]
  0x000001906ed3c800 WatcherThread [stack: 0x000000562f900000,0x000000562fa00000] [id=25760]
  0x0000019049e8b000 GCTaskThread "GC Thread#0" [stack: 0x000000562e500000,0x000000562e600000] [id=3620]
  0x000001906f5d4800 GCTaskThread "GC Thread#1" [stack: 0x000000562fa00000,0x000000562fb00000] [id=26156]
  0x000001906f553000 GCTaskThread "GC Thread#2" [stack: 0x000000562fb00000,0x000000562fc00000] [id=25224]
  0x000001906f0b3800 GCTaskThread "GC Thread#3" [stack: 0x000000562fc00000,0x000000562fd00000] [id=4436]
  0x000001906f0b4000 GCTaskThread "GC Thread#4" [stack: 0x000000562fd00000,0x000000562fe00000] [id=15968]
  0x000001906f446000 GCTaskThread "GC Thread#5" [stack: 0x000000562fe00000,0x000000562ff00000] [id=23788]
  0x0000019049eac800 ConcurrentGCThread "G1 Main Marker" [stack: 0x000000562e600000,0x000000562e700000] [id=25936]
  0x0000019049eae000 ConcurrentGCThread "G1 Conc#0" [stack: 0x000000562e700000,0x000000562e800000] [id=1060]
  0x000001906e13b000 ConcurrentGCThread "G1 Refine#0" [stack: 0x000000562e800000,0x000000562e900000] [id=4092]
  0x000001906e13c000 ConcurrentGCThread "G1 Young RemSet Sampling" [stack: 0x000000562e900000,0x000000562ea00000] [id=1488]

Threads with active compile tasks:

VM state:not at safepoint (normal execution)

VM Mutex/Monitor currently owned by a thread: None

Heap address: 0x0000000702200000, size: 4062 MB, Compressed Oops mode: Zero based, Oop shift amount: 3
Narrow klass base: 0x0000000800000000, Narrow klass shift: 3
Compressed class space size: 1073741824 Address: 0x0000000800b30000

Heap:
 garbage-first heap   total 260096K, used 30243K [0x0000000702200000, 0x0000000800000000)
  region size 1024K, 31 young (31744K), 3 survivors (3072K)
 Metaspace       used 6481K, capacity 8713K, committed 8960K, reserved 1056768K
  class space    used 899K, capacity 1224K, committed 1280K, reserved 1048576K
Heap Regions: E=young(eden), S=young(survivor), O=old, HS=humongous(starts), HC=humongous(continues), CS=collection set, F=free, OA=open archive, CA=closed archive, TAMS=top-at-mark-start (previous, next)
|   0|0x0000000702200000, 0x0000000702200000, 0x0000000702300000|  0%| F|  |TAMS 0x0000000702200000, 0x0000000702200000| Untracked 
|   1|0x0000000702300000, 0x0000000702300000, 0x0000000702400000|  0%| F|  |TAMS 0x0000000702300000, 0x0000000702300000| Untracked 
|   2|0x0000000702400000, 0x0000000702400000, 0x0000000702500000|  0%| F|  |TAMS 0x0000000702400000, 0x0000000702400000| Untracked 
|   3|0x0000000702500000, 0x0000000702500000, 0x0000000702600000|  0%| F|  |TAMS 0x0000000702500000, 0x0000000702500000| Untracked 
|   4|0x0000000702600000, 0x0000000702600000, 0x0000000702700000|  0%| F|  |TAMS 0x0000000702600000, 0x0000000702600000| Untracked 
|   5|0x0000000702700000, 0x0000000702700000, 0x0000000702800000|  0%| F|  |TAMS 0x0000000702700000, 0x0000000702700000| Untracked 
|   6|0x0000000702800000, 0x0000000702800000, 0x0000000702900000|  0%| F|  |TAMS 0x0000000702800000, 0x0000000702800000| Untracked 
|   7|0x0000000702900000, 0x0000000702900000, 0x0000000702a00000|  0%| F|  |TAMS 0x0000000702900000, 0x0000000702900000| Untracked 
|   8|0x0000000702a00000, 0x0000000702a00000, 0x0000000702b00000|  0%| F|  |TAMS 0x0000000702a00000, 0x0000000702a00000| Untracked 
|   9|0x0000000702b00000, 0x0000000702b00000, 0x0000000702c00000|  0%| F|  |TAMS 0x0000000702b00000, 0x0000000702b00000| Untracked 
|  10|0x0000000702c00000, 0x0000000702c00000, 0x0000000702d00000|  0%| F|  |TAMS 0x0000000702c00000, 0x0000000702c00000| Untracked 
|  11|0x0000000702d00000, 0x0000000702d00000, 0x0000000702e00000|  0%| F|  |TAMS 0x0000000702d00000, 0x0000000702d00000| Untracked 
|  12|0x0000000702e00000, 0x0000000702e00000, 0x0000000702f00000|  0%| F|  |TAMS 0x0000000702e00000, 0x0000000702e00000| Untracked 
|  13|0x0000000702f00000, 0x0000000702f00000, 0x0000000703000000|  0%| F|  |TAMS 0x0000000702f00000, 0x0000000702f00000| Untracked 
|  14|0x0000000703000000, 0x0000000703000000, 0x0000000703100000|  0%| F|  |TAMS 0x0000000703000000, 0x0000000703000000| Untracked 
|  15|0x0000000703100000, 0x0000000703100000, 0x0000000703200000|  0%| F|  |TAMS 0x0000000703100000, 0x0000000703100000| Untracked 
|  16|0x0000000703200000, 0x0000000703200000, 0x0000000703300000|  0%| F|  |TAMS 0x0000000703200000, 0x0000000703200000| Untracked 
|  17|0x0000000703300000, 0x0000000703300000, 0x0000000703400000|  0%| F|  |TAMS 0x0000000703300000, 0x0000000703300000| Untracked 
|  18|0x0000000703400000, 0x0000000703400000, 0x0000000703500000|  0%| F|  |TAMS 0x0000000703400000, 0x0000000703400000| Untracked 
|  19|0x0000000703500000, 0x0000000703500000, 0x0000000703600000|  0%| F|  |TAMS 0x0000000703500000, 0x0000000703500000| Untracked 
|  20|0x0000000703600000, 0x0000000703600000, 0x0000000703700000|  0%| F|  |TAMS 0x0000000703600000, 0x0000000703600000| Untracked 
|  21|0x0000000703700000, 0x0000000703700000, 0x0000000703800000|  0%| F|  |TAMS 0x0000000703700000, 0x0000000703700000| Untracked 
|  22|0x0000000703800000, 0x0000000703800000, 0x0000000703900000|  0%| F|  |TAMS 0x0000000703800000, 0x0000000703800000| Untracked 
|  23|0x0000000703900000, 0x0000000703900000, 0x0000000703a00000|  0%| F|  |TAMS 0x0000000703900000, 0x0000000703900000| Untracked 
|  24|0x0000000703a00000, 0x0000000703a00000, 0x0000000703b00000|  0%| F|  |TAMS 0x0000000703a00000, 0x0000000703a00000| Untracked 
|  25|0x0000000703b00000, 0x0000000703b00000, 0x0000000703c00000|  0%| F|  |TAMS 0x0000000703b00000, 0x0000000703b00000| Untracked 
|  26|0x0000000703c00000, 0x0000000703c00000, 0x0000000703d00000|  0%| F|  |TAMS 0x0000000703c00000, 0x0000000703c00000| Untracked 
|  27|0x0000000703d00000, 0x0000000703d00000, 0x0000000703e00000|  0%| F|  |TAMS 0x0000000703d00000, 0x0000000703d00000| Untracked 
|  28|0x0000000703e00000, 0x0000000703e00000, 0x0000000703f00000|  0%| F|  |TAMS 0x0000000703e00000, 0x0000000703e00000| Untracked 
|  29|0x0000000703f00000, 0x0000000703f00000, 0x0000000704000000|  0%| F|  |TAMS 0x0000000703f00000, 0x0000000703f00000| Untracked 
|  30|0x0000000704000000, 0x0000000704000000, 0x0000000704100000|  0%| F|  |TAMS 0x0000000704000000, 0x0000000704000000| Untracked 
|  31|0x0000000704100000, 0x0000000704100000, 0x0000000704200000|  0%| F|  |TAMS 0x0000000704100000, 0x0000000704100000| Untracked 
|  32|0x0000000704200000, 0x0000000704200000, 0x0000000704300000|  0%| F|  |TAMS 0x0000000704200000, 0x0000000704200000| Untracked 
|  33|0x0000000704300000, 0x0000000704300000, 0x0000000704400000|  0%| F|  |TAMS 0x0000000704300000, 0x0000000704300000| Untracked 
|  34|0x0000000704400000, 0x0000000704400000, 0x0000000704500000|  0%| F|  |TAMS 0x0000000704400000, 0x0000000704400000| Untracked 
|  35|0x0000000704500000, 0x0000000704500000, 0x0000000704600000|  0%| F|  |TAMS 0x0000000704500000, 0x0000000704500000| Untracked 
|  36|0x0000000704600000, 0x0000000704600000, 0x0000000704700000|  0%| F|  |TAMS 0x0000000704600000, 0x0000000704600000| Untracked 
|  37|0x0000000704700000, 0x0000000704700000, 0x0000000704800000|  0%| F|  |TAMS 0x0000000704700000, 0x0000000704700000| Untracked 
|  38|0x0000000704800000, 0x0000000704800000, 0x0000000704900000|  0%| F|  |TAMS 0x0000000704800000, 0x0000000704800000| Untracked 
|  39|0x0000000704900000, 0x0000000704900000, 0x0000000704a00000|  0%| F|  |TAMS 0x0000000704900000, 0x0000000704900000| Untracked 
|  40|0x0000000704a00000, 0x0000000704a00000, 0x0000000704b00000|  0%| F|  |TAMS 0x0000000704a00000, 0x0000000704a00000| Untracked 
|  41|0x0000000704b00000, 0x0000000704b00000, 0x0000000704c00000|  0%| F|  |TAMS 0x0000000704b00000, 0x0000000704b00000| Untracked 
|  42|0x0000000704c00000, 0x0000000704c00000, 0x0000000704d00000|  0%| F|  |TAMS 0x0000000704c00000, 0x0000000704c00000| Untracked 
|  43|0x0000000704d00000, 0x0000000704d00000, 0x0000000704e00000|  0%| F|  |TAMS 0x0000000704d00000, 0x0000000704d00000| Untracked 
|  44|0x0000000704e00000, 0x0000000704e00000, 0x0000000704f00000|  0%| F|  |TAMS 0x0000000704e00000, 0x0000000704e00000| Untracked 
|  45|0x0000000704f00000, 0x0000000704f00000, 0x0000000705000000|  0%| F|  |TAMS 0x0000000704f00000, 0x0000000704f00000| Untracked 
|  46|0x0000000705000000, 0x0000000705000000, 0x0000000705100000|  0%| F|  |TAMS 0x0000000705000000, 0x0000000705000000| Untracked 
|  47|0x0000000705100000, 0x0000000705100000, 0x0000000705200000|  0%| F|  |TAMS 0x0000000705100000, 0x0000000705100000| Untracked 
|  48|0x0000000705200000, 0x0000000705200000, 0x0000000705300000|  0%| F|  |TAMS 0x0000000705200000, 0x0000000705200000| Untracked 
|  49|0x0000000705300000, 0x0000000705300000, 0x0000000705400000|  0%| F|  |TAMS 0x0000000705300000, 0x0000000705300000| Untracked 
|  50|0x0000000705400000, 0x0000000705400000, 0x0000000705500000|  0%| F|  |TAMS 0x0000000705400000, 0x0000000705400000| Untracked 
|  51|0x0000000705500000, 0x0000000705500000, 0x0000000705600000|  0%| F|  |TAMS 0x0000000705500000, 0x0000000705500000| Untracked 
|  52|0x0000000705600000, 0x0000000705600000, 0x0000000705700000|  0%| F|  |TAMS 0x0000000705600000, 0x0000000705600000| Untracked 
|  53|0x0000000705700000, 0x0000000705700000, 0x0000000705800000|  0%| F|  |TAMS 0x0000000705700000, 0x0000000705700000| Untracked 
|  54|0x0000000705800000, 0x0000000705800000, 0x0000000705900000|  0%| F|  |TAMS 0x0000000705800000, 0x0000000705800000| Untracked 
|  55|0x0000000705900000, 0x0000000705900000, 0x0000000705a00000|  0%| F|  |TAMS 0x0000000705900000, 0x0000000705900000| Untracked 
|  56|0x0000000705a00000, 0x0000000705a00000, 0x0000000705b00000|  0%| F|  |TAMS 0x0000000705a00000, 0x0000000705a00000| Untracked 
|  57|0x0000000705b00000, 0x0000000705b00000, 0x0000000705c00000|  0%| F|  |TAMS 0x0000000705b00000, 0x0000000705b00000| Untracked 
|  58|0x0000000705c00000, 0x0000000705c00000, 0x0000000705d00000|  0%| F|  |TAMS 0x0000000705c00000, 0x0000000705c00000| Untracked 
|  59|0x0000000705d00000, 0x0000000705d00000, 0x0000000705e00000|  0%| F|  |TAMS 0x0000000705d00000, 0x0000000705d00000| Untracked 
|  60|0x0000000705e00000, 0x0000000705e00000, 0x0000000705f00000|  0%| F|  |TAMS 0x0000000705e00000, 0x0000000705e00000| Untracked 
|  61|0x0000000705f00000, 0x0000000705f00000, 0x0000000706000000|  0%| F|  |TAMS 0x0000000705f00000, 0x0000000705f00000| Untracked 
|  62|0x0000000706000000, 0x0000000706000000, 0x0000000706100000|  0%| F|  |TAMS 0x0000000706000000, 0x0000000706000000| Untracked 
|  63|0x0000000706100000, 0x0000000706100000, 0x0000000706200000|  0%| F|  |TAMS 0x0000000706100000, 0x0000000706100000| Untracked 
|  64|0x0000000706200000, 0x0000000706200000, 0x0000000706300000|  0%| F|  |TAMS 0x0000000706200000, 0x0000000706200000| Untracked 
|  65|0x0000000706300000, 0x0000000706300000, 0x0000000706400000|  0%| F|  |TAMS 0x0000000706300000, 0x0000000706300000| Untracked 
|  66|0x0000000706400000, 0x0000000706400000, 0x0000000706500000|  0%| F|  |TAMS 0x0000000706400000, 0x0000000706400000| Untracked 
|  67|0x0000000706500000, 0x0000000706500000, 0x0000000706600000|  0%| F|  |TAMS 0x0000000706500000, 0x0000000706500000| Untracked 
|  68|0x0000000706600000, 0x0000000706600000, 0x0000000706700000|  0%| F|  |TAMS 0x0000000706600000, 0x0000000706600000| Untracked 
|  69|0x0000000706700000, 0x0000000706700000, 0x0000000706800000|  0%| F|  |TAMS 0x0000000706700000, 0x0000000706700000| Untracked 
|  70|0x0000000706800000, 0x0000000706800000, 0x0000000706900000|  0%| F|  |TAMS 0x0000000706800000, 0x0000000706800000| Untracked 
|  71|0x0000000706900000, 0x0000000706900000, 0x0000000706a00000|  0%| F|  |TAMS 0x0000000706900000, 0x0000000706900000| Untracked 
|  72|0x0000000706a00000, 0x0000000706a00000, 0x0000000706b00000|  0%| F|  |TAMS 0x0000000706a00000, 0x0000000706a00000| Untracked 
|  73|0x0000000706b00000, 0x0000000706b00000, 0x0000000706c00000|  0%| F|  |TAMS 0x0000000706b00000, 0x0000000706b00000| Untracked 
|  74|0x0000000706c00000, 0x0000000706c00000, 0x0000000706d00000|  0%| F|  |TAMS 0x0000000706c00000, 0x0000000706c00000| Untracked 
|  75|0x0000000706d00000, 0x0000000706d00000, 0x0000000706e00000|  0%| F|  |TAMS 0x0000000706d00000, 0x0000000706d00000| Untracked 
|  76|0x0000000706e00000, 0x0000000706e00000, 0x0000000706f00000|  0%| F|  |TAMS 0x0000000706e00000, 0x0000000706e00000| Untracked 
|  77|0x0000000706f00000, 0x0000000706f00000, 0x0000000707000000|  0%| F|  |TAMS 0x0000000706f00000, 0x0000000706f00000| Untracked 
|  78|0x0000000707000000, 0x0000000707000000, 0x0000000707100000|  0%| F|  |TAMS 0x0000000707000000, 0x0000000707000000| Untracked 
|  79|0x0000000707100000, 0x0000000707100000, 0x0000000707200000|  0%| F|  |TAMS 0x0000000707100000, 0x0000000707100000| Untracked 
|  80|0x0000000707200000, 0x0000000707200000, 0x0000000707300000|  0%| F|  |TAMS 0x0000000707200000, 0x0000000707200000| Untracked 
|  81|0x0000000707300000, 0x0000000707300000, 0x0000000707400000|  0%| F|  |TAMS 0x0000000707300000, 0x0000000707300000| Untracked 
|  82|0x0000000707400000, 0x0000000707400000, 0x0000000707500000|  0%| F|  |TAMS 0x0000000707400000, 0x0000000707400000| Untracked 
|  83|0x0000000707500000, 0x0000000707500000, 0x0000000707600000|  0%| F|  |TAMS 0x0000000707500000, 0x0000000707500000| Untracked 
|  84|0x0000000707600000, 0x0000000707600000, 0x0000000707700000|  0%| F|  |TAMS 0x0000000707600000, 0x0000000707600000| Untracked 
|  85|0x0000000707700000, 0x0000000707700000, 0x0000000707800000|  0%| F|  |TAMS 0x0000000707700000, 0x0000000707700000| Untracked 
|  86|0x0000000707800000, 0x0000000707800000, 0x0000000707900000|  0%| F|  |TAMS 0x0000000707800000, 0x0000000707800000| Untracked 
|  87|0x0000000707900000, 0x0000000707900000, 0x0000000707a00000|  0%| F|  |TAMS 0x0000000707900000, 0x0000000707900000| Untracked 
|  88|0x0000000707a00000, 0x0000000707a00000, 0x0000000707b00000|  0%| F|  |TAMS 0x0000000707a00000, 0x0000000707a00000| Untracked 
|  89|0x0000000707b00000, 0x0000000707b00000, 0x0000000707c00000|  0%| F|  |TAMS 0x0000000707b00000, 0x0000000707b00000| Untracked 
|  90|0x0000000707c00000, 0x0000000707c00000, 0x0000000707d00000|  0%| F|  |TAMS 0x0000000707c00000, 0x0000000707c00000| Untracked 
|  91|0x0000000707d00000, 0x0000000707d00000, 0x0000000707e00000|  0%| F|  |TAMS 0x0000000707d00000, 0x0000000707d00000| Untracked 
|  92|0x0000000707e00000, 0x0000000707e00000, 0x0000000707f00000|  0%| F|  |TAMS 0x0000000707e00000, 0x0000000707e00000| Untracked 
|  93|0x0000000707f00000, 0x0000000707f00000, 0x0000000708000000|  0%| F|  |TAMS 0x0000000707f00000, 0x0000000707f00000| Untracked 
|  94|0x0000000708000000, 0x0000000708000000, 0x0000000708100000|  0%| F|  |TAMS 0x0000000708000000, 0x0000000708000000| Untracked 
|  95|0x0000000708100000, 0x0000000708100000, 0x0000000708200000|  0%| F|  |TAMS 0x0000000708100000, 0x0000000708100000| Untracked 
|  96|0x0000000708200000, 0x0000000708200000, 0x0000000708300000|  0%| F|  |TAMS 0x0000000708200000, 0x0000000708200000| Untracked 
|  97|0x0000000708300000, 0x0000000708300000, 0x0000000708400000|  0%| F|  |TAMS 0x0000000708300000, 0x0000000708300000| Untracked 
|  98|0x0000000708400000, 0x0000000708400000, 0x0000000708500000|  0%| F|  |TAMS 0x0000000708400000, 0x0000000708400000| Untracked 
|  99|0x0000000708500000, 0x0000000708500000, 0x0000000708600000|  0%| F|  |TAMS 0x0000000708500000, 0x0000000708500000| Untracked 
| 100|0x0000000708600000, 0x0000000708600000, 0x0000000708700000|  0%| F|  |TAMS 0x0000000708600000, 0x0000000708600000| Untracked 
| 101|0x0000000708700000, 0x0000000708700000, 0x0000000708800000|  0%| F|  |TAMS 0x0000000708700000, 0x0000000708700000| Untracked 
| 102|0x0000000708800000, 0x0000000708800000, 0x0000000708900000|  0%| F|  |TAMS 0x0000000708800000, 0x0000000708800000| Untracked 
| 103|0x0000000708900000, 0x0000000708900000, 0x0000000708a00000|  0%| F|  |TAMS 0x0000000708900000, 0x0000000708900000| Untracked 
| 104|0x0000000708a00000, 0x0000000708a00000, 0x0000000708b00000|  0%| F|  |TAMS 0x0000000708a00000, 0x0000000708a00000| Untracked 
| 105|0x0000000708b00000, 0x0000000708b00000, 0x0000000708c00000|  0%| F|  |TAMS 0x0000000708b00000, 0x0000000708b00000| Untracked 
| 106|0x0000000708c00000, 0x0000000708c00000, 0x0000000708d00000|  0%| F|  |TAMS 0x0000000708c00000, 0x0000000708c00000| Untracked 
| 107|0x0000000708d00000, 0x0000000708d00000, 0x0000000708e00000|  0%| F|  |TAMS 0x0000000708d00000, 0x0000000708d00000| Untracked 
| 108|0x0000000708e00000, 0x0000000708e00000, 0x0000000708f00000|  0%| F|  |TAMS 0x0000000708e00000, 0x0000000708e00000| Untracked 
| 109|0x0000000708f00000, 0x0000000708f00000, 0x0000000709000000|  0%| F|  |TAMS 0x0000000708f00000, 0x0000000708f00000| Untracked 
| 110|0x0000000709000000, 0x0000000709000000, 0x0000000709100000|  0%| F|  |TAMS 0x0000000709000000, 0x0000000709000000| Untracked 
| 111|0x0000000709100000, 0x0000000709100000, 0x0000000709200000|  0%| F|  |TAMS 0x0000000709100000, 0x0000000709100000| Untracked 
| 112|0x0000000709200000, 0x0000000709200000, 0x0000000709300000|  0%| F|  |TAMS 0x0000000709200000, 0x0000000709200000| Untracked 
| 113|0x0000000709300000, 0x0000000709300000, 0x0000000709400000|  0%| F|  |TAMS 0x0000000709300000, 0x0000000709300000| Untracked 
| 114|0x0000000709400000, 0x0000000709400000, 0x0000000709500000|  0%| F|  |TAMS 0x0000000709400000, 0x0000000709400000| Untracked 
| 115|0x0000000709500000, 0x0000000709500000, 0x0000000709600000|  0%| F|  |TAMS 0x0000000709500000, 0x0000000709500000| Untracked 
| 116|0x0000000709600000, 0x0000000709600000, 0x0000000709700000|  0%| F|  |TAMS 0x0000000709600000, 0x0000000709600000| Untracked 
| 117|0x0000000709700000, 0x0000000709700000, 0x0000000709800000|  0%| F|  |TAMS 0x0000000709700000, 0x0000000709700000| Untracked 
| 118|0x0000000709800000, 0x0000000709800000, 0x0000000709900000|  0%| F|  |TAMS 0x0000000709800000, 0x0000000709800000| Untracked 
| 119|0x0000000709900000, 0x0000000709900000, 0x0000000709a00000|  0%| F|  |TAMS 0x0000000709900000, 0x0000000709900000| Untracked 
| 120|0x0000000709a00000, 0x0000000709a00000, 0x0000000709b00000|  0%| F|  |TAMS 0x0000000709a00000, 0x0000000709a00000| Untracked 
| 121|0x0000000709b00000, 0x0000000709b00000, 0x0000000709c00000|  0%| F|  |TAMS 0x0000000709b00000, 0x0000000709b00000| Untracked 
| 122|0x0000000709c00000, 0x0000000709c00000, 0x0000000709d00000|  0%| F|  |TAMS 0x0000000709c00000, 0x0000000709c00000| Untracked 
| 123|0x0000000709d00000, 0x0000000709d00000, 0x0000000709e00000|  0%| F|  |TAMS 0x0000000709d00000, 0x0000000709d00000| Untracked 
| 124|0x0000000709e00000, 0x0000000709e00000, 0x0000000709f00000|  0%| F|  |TAMS 0x0000000709e00000, 0x0000000709e00000| Untracked 
| 125|0x0000000709f00000, 0x0000000709f00000, 0x000000070a000000|  0%| F|  |TAMS 0x0000000709f00000, 0x0000000709f00000| Untracked 
| 126|0x000000070a000000, 0x000000070a000000, 0x000000070a100000|  0%| F|  |TAMS 0x000000070a000000, 0x000000070a000000| Untracked 
| 127|0x000000070a100000, 0x000000070a100000, 0x000000070a200000|  0%| F|  |TAMS 0x000000070a100000, 0x000000070a100000| Untracked 
| 128|0x000000070a200000, 0x000000070a200000, 0x000000070a300000|  0%| F|  |TAMS 0x000000070a200000, 0x000000070a200000| Untracked 
| 129|0x000000070a300000, 0x000000070a300000, 0x000000070a400000|  0%| F|  |TAMS 0x000000070a300000, 0x000000070a300000| Untracked 
| 130|0x000000070a400000, 0x000000070a400000, 0x000000070a500000|  0%| F|  |TAMS 0x000000070a400000, 0x000000070a400000| Untracked 
| 131|0x000000070a500000, 0x000000070a500000, 0x000000070a600000|  0%| F|  |TAMS 0x000000070a500000, 0x000000070a500000| Untracked 
| 132|0x000000070a600000, 0x000000070a600000, 0x000000070a700000|  0%| F|  |TAMS 0x000000070a600000, 0x000000070a600000| Untracked 
| 133|0x000000070a700000, 0x000000070a700000, 0x000000070a800000|  0%| F|  |TAMS 0x000000070a700000, 0x000000070a700000| Untracked 
| 134|0x000000070a800000, 0x000000070a800000, 0x000000070a900000|  0%| F|  |TAMS 0x000000070a800000, 0x000000070a800000| Untracked 
| 135|0x000000070a900000, 0x000000070a900000, 0x000000070aa00000|  0%| F|  |TAMS 0x000000070a900000, 0x000000070a900000| Untracked 
| 136|0x000000070aa00000, 0x000000070aa00000, 0x000000070ab00000|  0%| F|  |TAMS 0x000000070aa00000, 0x000000070aa00000| Untracked 
| 137|0x000000070ab00000, 0x000000070ab00000, 0x000000070ac00000|  0%| F|  |TAMS 0x000000070ab00000, 0x000000070ab00000| Untracked 
| 138|0x000000070ac00000, 0x000000070ac00000, 0x000000070ad00000|  0%| F|  |TAMS 0x000000070ac00000, 0x000000070ac00000| Untracked 
| 139|0x000000070ad00000, 0x000000070ad00000, 0x000000070ae00000|  0%| F|  |TAMS 0x000000070ad00000, 0x000000070ad00000| Untracked 
| 140|0x000000070ae00000, 0x000000070ae00000, 0x000000070af00000|  0%| F|  |TAMS 0x000000070ae00000, 0x000000070ae00000| Untracked 
| 141|0x000000070af00000, 0x000000070af00000, 0x000000070b000000|  0%| F|  |TAMS 0x000000070af00000, 0x000000070af00000| Untracked 
| 142|0x000000070b000000, 0x000000070b000000, 0x000000070b100000|  0%| F|  |TAMS 0x000000070b000000, 0x000000070b000000| Untracked 
| 143|0x000000070b100000, 0x000000070b100000, 0x000000070b200000|  0%| F|  |TAMS 0x000000070b100000, 0x000000070b100000| Untracked 
| 144|0x000000070b200000, 0x000000070b200000, 0x000000070b300000|  0%| F|  |TAMS 0x000000070b200000, 0x000000070b200000| Untracked 
| 145|0x000000070b300000, 0x000000070b300000, 0x000000070b400000|  0%| F|  |TAMS 0x000000070b300000, 0x000000070b300000| Untracked 
| 146|0x000000070b400000, 0x000000070b400000, 0x000000070b500000|  0%| F|  |TAMS 0x000000070b400000, 0x000000070b400000| Untracked 
| 147|0x000000070b500000, 0x000000070b500000, 0x000000070b600000|  0%| F|  |TAMS 0x000000070b500000, 0x000000070b500000| Untracked 
| 148|0x000000070b600000, 0x000000070b600000, 0x000000070b700000|  0%| F|  |TAMS 0x000000070b600000, 0x000000070b600000| Untracked 
| 149|0x000000070b700000, 0x000000070b700000, 0x000000070b800000|  0%| F|  |TAMS 0x000000070b700000, 0x000000070b700000| Untracked 
| 150|0x000000070b800000, 0x000000070b800000, 0x000000070b900000|  0%| F|  |TAMS 0x000000070b800000, 0x000000070b800000| Untracked 
| 151|0x000000070b900000, 0x000000070b900000, 0x000000070ba00000|  0%| F|  |TAMS 0x000000070b900000, 0x000000070b900000| Untracked 
| 152|0x000000070ba00000, 0x000000070ba00000, 0x000000070bb00000|  0%| F|  |TAMS 0x000000070ba00000, 0x000000070ba00000| Untracked 
| 153|0x000000070bb00000, 0x000000070bb00000, 0x000000070bc00000|  0%| F|  |TAMS 0x000000070bb00000, 0x000000070bb00000| Untracked 
| 154|0x000000070bc00000, 0x000000070bc00000, 0x000000070bd00000|  0%| F|  |TAMS 0x000000070bc00000, 0x000000070bc00000| Untracked 
| 155|0x000000070bd00000, 0x000000070bd00000, 0x000000070be00000|  0%| F|  |TAMS 0x000000070bd00000, 0x000000070bd00000| Untracked 
| 156|0x000000070be00000, 0x000000070be00000, 0x000000070bf00000|  0%| F|  |TAMS 0x000000070be00000, 0x000000070be00000| Untracked 
| 157|0x000000070bf00000, 0x000000070bf00000, 0x000000070c000000|  0%| F|  |TAMS 0x000000070bf00000, 0x000000070bf00000| Untracked 
| 158|0x000000070c000000, 0x000000070c000000, 0x000000070c100000|  0%| F|  |TAMS 0x000000070c000000, 0x000000070c000000| Untracked 
| 159|0x000000070c100000, 0x000000070c100000, 0x000000070c200000|  0%| F|  |TAMS 0x000000070c100000, 0x000000070c100000| Untracked 
| 160|0x000000070c200000, 0x000000070c200000, 0x000000070c300000|  0%| F|  |TAMS 0x000000070c200000, 0x000000070c200000| Untracked 
| 161|0x000000070c300000, 0x000000070c300000, 0x000000070c400000|  0%| F|  |TAMS 0x000000070c300000, 0x000000070c300000| Untracked 
| 162|0x000000070c400000, 0x000000070c400000, 0x000000070c500000|  0%| F|  |TAMS 0x000000070c400000, 0x000000070c400000| Untracked 
| 163|0x000000070c500000, 0x000000070c500000, 0x000000070c600000|  0%| F|  |TAMS 0x000000070c500000, 0x000000070c500000| Untracked 
| 164|0x000000070c600000, 0x000000070c600000, 0x000000070c700000|  0%| F|  |TAMS 0x000000070c600000, 0x000000070c600000| Untracked 
| 165|0x000000070c700000, 0x000000070c700000, 0x000000070c800000|  0%| F|  |TAMS 0x000000070c700000, 0x000000070c700000| Untracked 
| 166|0x000000070c800000, 0x000000070c800000, 0x000000070c900000|  0%| F|  |TAMS 0x000000070c800000, 0x000000070c800000| Untracked 
| 167|0x000000070c900000, 0x000000070c900000, 0x000000070ca00000|  0%| F|  |TAMS 0x000000070c900000, 0x000000070c900000| Untracked 
| 168|0x000000070ca00000, 0x000000070ca00000, 0x000000070cb00000|  0%| F|  |TAMS 0x000000070ca00000, 0x000000070ca00000| Untracked 
| 169|0x000000070cb00000, 0x000000070cb00000, 0x000000070cc00000|  0%| F|  |TAMS 0x000000070cb00000, 0x000000070cb00000| Untracked 
| 170|0x000000070cc00000, 0x000000070cc00000, 0x000000070cd00000|  0%| F|  |TAMS 0x000000070cc00000, 0x000000070cc00000| Untracked 
| 171|0x000000070cd00000, 0x000000070cd00000, 0x000000070ce00000|  0%| F|  |TAMS 0x000000070cd00000, 0x000000070cd00000| Untracked 
| 172|0x000000070ce00000, 0x000000070ce00000, 0x000000070cf00000|  0%| F|  |TAMS 0x000000070ce00000, 0x000000070ce00000| Untracked 
| 173|0x000000070cf00000, 0x000000070cf00000, 0x000000070d000000|  0%| F|  |TAMS 0x000000070cf00000, 0x000000070cf00000| Untracked 
| 174|0x000000070d000000, 0x000000070d000000, 0x000000070d100000|  0%| F|  |TAMS 0x000000070d000000, 0x000000070d000000| Untracked 
| 175|0x000000070d100000, 0x000000070d100000, 0x000000070d200000|  0%| F|  |TAMS 0x000000070d100000, 0x000000070d100000| Untracked 
| 176|0x000000070d200000, 0x000000070d200000, 0x000000070d300000|  0%| F|  |TAMS 0x000000070d200000, 0x000000070d200000| Untracked 
| 177|0x000000070d300000, 0x000000070d300000, 0x000000070d400000|  0%| F|  |TAMS 0x000000070d300000, 0x000000070d300000| Untracked 
| 178|0x000000070d400000, 0x000000070d400000, 0x000000070d500000|  0%| F|  |TAMS 0x000000070d400000, 0x000000070d400000| Untracked 
| 179|0x000000070d500000, 0x000000070d500000, 0x000000070d600000|  0%| F|  |TAMS 0x000000070d500000, 0x000000070d500000| Untracked 
| 180|0x000000070d600000, 0x000000070d600000, 0x000000070d700000|  0%| F|  |TAMS 0x000000070d600000, 0x000000070d600000| Untracked 
| 181|0x000000070d700000, 0x000000070d700000, 0x000000070d800000|  0%| F|  |TAMS 0x000000070d700000, 0x000000070d700000| Untracked 
| 182|0x000000070d800000, 0x000000070d800000, 0x000000070d900000|  0%| F|  |TAMS 0x000000070d800000, 0x000000070d800000| Untracked 
| 183|0x000000070d900000, 0x000000070d900000, 0x000000070da00000|  0%| F|  |TAMS 0x000000070d900000, 0x000000070d900000| Untracked 
| 184|0x000000070da00000, 0x000000070da00000, 0x000000070db00000|  0%| F|  |TAMS 0x000000070da00000, 0x000000070da00000| Untracked 
| 185|0x000000070db00000, 0x000000070db00000, 0x000000070dc00000|  0%| F|  |TAMS 0x000000070db00000, 0x000000070db00000| Untracked 
| 186|0x000000070dc00000, 0x000000070dc00000, 0x000000070dd00000|  0%| F|  |TAMS 0x000000070dc00000, 0x000000070dc00000| Untracked 
| 187|0x000000070dd00000, 0x000000070dd00000, 0x000000070de00000|  0%| F|  |TAMS 0x000000070dd00000, 0x000000070dd00000| Untracked 
| 188|0x000000070de00000, 0x000000070de00000, 0x000000070df00000|  0%| F|  |TAMS 0x000000070de00000, 0x000000070de00000| Untracked 
| 189|0x000000070df00000, 0x000000070df00000, 0x000000070e000000|  0%| F|  |TAMS 0x000000070df00000, 0x000000070df00000| Untracked 
| 190|0x000000070e000000, 0x000000070e000000, 0x000000070e100000|  0%| F|  |TAMS 0x000000070e000000, 0x000000070e000000| Untracked 
| 191|0x000000070e100000, 0x000000070e100000, 0x000000070e200000|  0%| F|  |TAMS 0x000000070e100000, 0x000000070e100000| Untracked 
| 192|0x000000070e200000, 0x000000070e200000, 0x000000070e300000|  0%| F|  |TAMS 0x000000070e200000, 0x000000070e200000| Untracked 
| 193|0x000000070e300000, 0x000000070e300000, 0x000000070e400000|  0%| F|  |TAMS 0x000000070e300000, 0x000000070e300000| Untracked 
| 194|0x000000070e400000, 0x000000070e400000, 0x000000070e500000|  0%| F|  |TAMS 0x000000070e400000, 0x000000070e400000| Untracked 
| 195|0x000000070e500000, 0x000000070e500000, 0x000000070e600000|  0%| F|  |TAMS 0x000000070e500000, 0x000000070e500000| Untracked 
| 196|0x000000070e600000, 0x000000070e600000, 0x000000070e700000|  0%| F|  |TAMS 0x000000070e600000, 0x000000070e600000| Untracked 
| 197|0x000000070e700000, 0x000000070e700000, 0x000000070e800000|  0%| F|  |TAMS 0x000000070e700000, 0x000000070e700000| Untracked 
| 198|0x000000070e800000, 0x000000070e800000, 0x000000070e900000|  0%| F|  |TAMS 0x000000070e800000, 0x000000070e800000| Untracked 
| 199|0x000000070e900000, 0x000000070e900000, 0x000000070ea00000|  0%| F|  |TAMS 0x000000070e900000, 0x000000070e900000| Untracked 
| 200|0x000000070ea00000, 0x000000070ea00000, 0x000000070eb00000|  0%| F|  |TAMS 0x000000070ea00000, 0x000000070ea00000| Untracked 
| 201|0x000000070eb00000, 0x000000070eb00000, 0x000000070ec00000|  0%| F|  |TAMS 0x000000070eb00000, 0x000000070eb00000| Untracked 
| 202|0x000000070ec00000, 0x000000070ec00000, 0x000000070ed00000|  0%| F|  |TAMS 0x000000070ec00000, 0x000000070ec00000| Untracked 
| 203|0x000000070ed00000, 0x000000070ed00000, 0x000000070ee00000|  0%| F|  |TAMS 0x000000070ed00000, 0x000000070ed00000| Untracked 
| 204|0x000000070ee00000, 0x000000070ee00000, 0x000000070ef00000|  0%| F|  |TAMS 0x000000070ee00000, 0x000000070ee00000| Untracked 
| 205|0x000000070ef00000, 0x000000070ef00000, 0x000000070f000000|  0%| F|  |TAMS 0x000000070ef00000, 0x000000070ef00000| Untracked 
| 206|0x000000070f000000, 0x000000070f000000, 0x000000070f100000|  0%| F|  |TAMS 0x000000070f000000, 0x000000070f000000| Untracked 
| 207|0x000000070f100000, 0x000000070f100000, 0x000000070f200000|  0%| F|  |TAMS 0x000000070f100000, 0x000000070f100000| Untracked 
| 208|0x000000070f200000, 0x000000070f200000, 0x000000070f300000|  0%| F|  |TAMS 0x000000070f200000, 0x000000070f200000| Untracked 
| 209|0x000000070f300000, 0x000000070f300000, 0x000000070f400000|  0%| F|  |TAMS 0x000000070f300000, 0x000000070f300000| Untracked 
| 210|0x000000070f400000, 0x000000070f400000, 0x000000070f500000|  0%| F|  |TAMS 0x000000070f400000, 0x000000070f400000| Untracked 
| 211|0x000000070f500000, 0x000000070f500000, 0x000000070f600000|  0%| F|  |TAMS 0x000000070f500000, 0x000000070f500000| Untracked 
| 212|0x000000070f600000, 0x000000070f600000, 0x000000070f700000|  0%| F|  |TAMS 0x000000070f600000, 0x000000070f600000| Untracked 
| 213|0x000000070f700000, 0x000000070f700000, 0x000000070f800000|  0%| F|  |TAMS 0x000000070f700000, 0x000000070f700000| Untracked 
| 214|0x000000070f800000, 0x000000070f800000, 0x000000070f900000|  0%| F|  |TAMS 0x000000070f800000, 0x000000070f800000| Untracked 
| 215|0x000000070f900000, 0x000000070f900000, 0x000000070fa00000|  0%| F|  |TAMS 0x000000070f900000, 0x000000070f900000| Untracked 
| 216|0x000000070fa00000, 0x000000070fa00000, 0x000000070fb00000|  0%| F|  |TAMS 0x000000070fa00000, 0x000000070fa00000| Untracked 
| 217|0x000000070fb00000, 0x000000070fb00000, 0x000000070fc00000|  0%| F|  |TAMS 0x000000070fb00000, 0x000000070fb00000| Untracked 
| 218|0x000000070fc00000, 0x000000070fc00000, 0x000000070fd00000|  0%| F|  |TAMS 0x000000070fc00000, 0x000000070fc00000| Untracked 
| 219|0x000000070fd00000, 0x000000070fd00000, 0x000000070fe00000|  0%| F|  |TAMS 0x000000070fd00000, 0x000000070fd00000| Untracked 
| 220|0x000000070fe00000, 0x000000070fe00000, 0x000000070ff00000|  0%| F|  |TAMS 0x000000070fe00000, 0x000000070fe00000| Untracked 
| 221|0x000000070ff00000, 0x000000070ff00000, 0x0000000710000000|  0%| F|  |TAMS 0x000000070ff00000, 0x000000070ff00000| Untracked 
| 222|0x0000000710000000, 0x0000000710000000, 0x0000000710100000|  0%| F|  |TAMS 0x0000000710000000, 0x0000000710000000| Untracked 
| 223|0x0000000710100000, 0x00000007101d37a8, 0x0000000710200000| 82%| E|  |TAMS 0x0000000710100000, 0x0000000710100000| Complete 
| 224|0x0000000710200000, 0x0000000710300000, 0x0000000710300000|100%| E|CS|TAMS 0x0000000710200000, 0x0000000710200000| Complete 
| 225|0x0000000710300000, 0x0000000710400000, 0x0000000710400000|100%| E|CS|TAMS 0x0000000710300000, 0x0000000710300000| Complete 
| 226|0x0000000710400000, 0x0000000710500000, 0x0000000710500000|100%| E|CS|TAMS 0x0000000710400000, 0x0000000710400000| Complete 
| 227|0x0000000710500000, 0x0000000710600000, 0x0000000710600000|100%| E|CS|TAMS 0x0000000710500000, 0x0000000710500000| Complete 
| 228|0x0000000710600000, 0x0000000710688c98, 0x0000000710700000| 53%| S|CS|TAMS 0x0000000710600000, 0x0000000710600000| Complete 
| 229|0x0000000710700000, 0x0000000710800000, 0x0000000710800000|100%| S|CS|TAMS 0x0000000710700000, 0x0000000710700000| Complete 
| 230|0x0000000710800000, 0x0000000710900000, 0x0000000710900000|100%| S|CS|TAMS 0x0000000710800000, 0x0000000710800000| Complete 
| 231|0x0000000710900000, 0x0000000710a00000, 0x0000000710a00000|100%| E|CS|TAMS 0x0000000710900000, 0x0000000710900000| Complete 
| 232|0x0000000710a00000, 0x0000000710b00000, 0x0000000710b00000|100%| E|CS|TAMS 0x0000000710a00000, 0x0000000710a00000| Complete 
| 233|0x0000000710b00000, 0x0000000710c00000, 0x0000000710c00000|100%| E|CS|TAMS 0x0000000710b00000, 0x0000000710b00000| Complete 
| 234|0x0000000710c00000, 0x0000000710d00000, 0x0000000710d00000|100%| E|CS|TAMS 0x0000000710c00000, 0x0000000710c00000| Complete 
| 235|0x0000000710d00000, 0x0000000710e00000, 0x0000000710e00000|100%| E|CS|TAMS 0x0000000710d00000, 0x0000000710d00000| Complete 
| 236|0x0000000710e00000, 0x0000000710f00000, 0x0000000710f00000|100%| E|CS|TAMS 0x0000000710e00000, 0x0000000710e00000| Complete 
| 237|0x0000000710f00000, 0x0000000711000000, 0x0000000711000000|100%| E|CS|TAMS 0x0000000710f00000, 0x0000000710f00000| Complete 
| 238|0x0000000711000000, 0x0000000711100000, 0x0000000711100000|100%| E|CS|TAMS 0x0000000711000000, 0x0000000711000000| Complete 
| 239|0x0000000711100000, 0x0000000711200000, 0x0000000711200000|100%| E|CS|TAMS 0x0000000711100000, 0x0000000711100000| Complete 
| 240|0x0000000711200000, 0x0000000711300000, 0x0000000711300000|100%| E|CS|TAMS 0x0000000711200000, 0x0000000711200000| Complete 
| 241|0x0000000711300000, 0x0000000711400000, 0x0000000711400000|100%| E|CS|TAMS 0x0000000711300000, 0x0000000711300000| Complete 
| 242|0x0000000711400000, 0x0000000711500000, 0x0000000711500000|100%| E|CS|TAMS 0x0000000711400000, 0x0000000711400000| Complete 
| 243|0x0000000711500000, 0x0000000711600000, 0x0000000711600000|100%| E|CS|TAMS 0x0000000711500000, 0x0000000711500000| Complete 
| 244|0x0000000711600000, 0x0000000711700000, 0x0000000711700000|100%| E|CS|TAMS 0x0000000711600000, 0x0000000711600000| Complete 
| 245|0x0000000711700000, 0x0000000711800000, 0x0000000711800000|100%| E|CS|TAMS 0x0000000711700000, 0x0000000711700000| Complete 
| 246|0x0000000711800000, 0x0000000711900000, 0x0000000711900000|100%| E|CS|TAMS 0x0000000711800000, 0x0000000711800000| Complete 
| 247|0x0000000711900000, 0x0000000711a00000, 0x0000000711a00000|100%| E|CS|TAMS 0x0000000711900000, 0x0000000711900000| Complete 
| 248|0x0000000711a00000, 0x0000000711b00000, 0x0000000711b00000|100%| E|CS|TAMS 0x0000000711a00000, 0x0000000711a00000| Complete 
| 249|0x0000000711b00000, 0x0000000711c00000, 0x0000000711c00000|100%| E|CS|TAMS 0x0000000711b00000, 0x0000000711b00000| Complete 
| 250|0x0000000711c00000, 0x0000000711d00000, 0x0000000711d00000|100%| E|CS|TAMS 0x0000000711c00000, 0x0000000711c00000| Complete 
| 251|0x0000000711d00000, 0x0000000711e00000, 0x0000000711e00000|100%| E|CS|TAMS 0x0000000711d00000, 0x0000000711d00000| Complete 
| 252|0x0000000711e00000, 0x0000000711f00000, 0x0000000711f00000|100%| E|CS|TAMS 0x0000000711e00000, 0x0000000711e00000| Complete 
| 253|0x0000000711f00000, 0x0000000712000000, 0x0000000712000000|100%| E|CS|TAMS 0x0000000711f00000, 0x0000000711f00000| Complete 

Card table byte_map: [0x00000190625e0000,0x0000019062dd0000] _byte_map_base: 0x000001905edcf000

Marking Bits (Prev, Next): (CMBitMap*) 0x0000019049e8bc38, (CMBitMap*) 0x0000019049e8bc78
 Prev Bits: [0x00000190635c0000, 0x0000019067538000)
 Next Bits: [0x0000019067540000, 0x000001906b4b8000)

Polling page: 0x0000019047e40000

Metaspace:

Usage:
  Non-class:      7.31 MB capacity,     5.45 MB ( 75%) used,     1.82 MB ( 25%) free+waste,    45.25 KB ( <1%) overhead. 
      Class:      1.20 MB capacity,   899.45 KB ( 73%) used,   301.36 KB ( 25%) free+waste,    23.19 KB (  2%) overhead. 
       Both:      8.51 MB capacity,     6.33 MB ( 74%) used,     2.11 MB ( 25%) free+waste,    68.44 KB ( <1%) overhead. 

Virtual space:
  Non-class space:        8.00 MB reserved,       7.50 MB ( 94%) committed 
      Class space:        1.00 GB reserved,       1.25 MB ( <1%) committed 
             Both:        1.01 GB reserved,       8.75 MB ( <1%) committed 

Chunk freelists:
   Non-Class:  0 bytes
       Class:  0 bytes
        Both:  0 bytes

MaxMetaspaceSize: 17179869184.00 GB
CompressedClassSpaceSize: 1.00 GB

CodeHeap 'non-profiled nmethods': size=120000Kb used=556Kb max_used=556Kb free=119443Kb
 bounds [0x000001905a370000, 0x000001905a5e0000, 0x00000190618a0000]
CodeHeap 'profiled nmethods': size=120000Kb used=2594Kb max_used=2594Kb free=117406Kb
 bounds [0x0000019052e40000, 0x00000190530d0000, 0x000001905a370000]
CodeHeap 'non-nmethods': size=5760Kb used=1257Kb max_used=1297Kb free=4502Kb
 bounds [0x00000190528a0000, 0x0000019052b10000, 0x0000019052e40000]
 total_blobs=1790 nmethods=1370 adapters=332
 compilation: enabled
              stopped_count=0, restarted_count=0
 full_count=0

Compilation events (20 events):
Event: 13.705 Thread 0x000001906eb05000 1352       4       java.util.concurrent.ConcurrentHashMap::setTabAt (20 bytes)
Event: 13.706 Thread 0x000001906eb0a000 1355       3       java.lang.invoke.LambdaForm$Name::useCount (42 bytes)
Event: 13.706 Thread 0x000001906eb0a000 nmethod 1355 0x00000190530c3490 code [0x00000190530c3640, 0x00000190530c3958]
Event: 13.706 Thread 0x000001906eb0a000 1354       3       java.lang.invoke.InvokerBytecodeGenerator::emitImplicitConversion (161 bytes)
Event: 13.706 Thread 0x000001906eb05000 nmethod 1352 0x000001905a3f9f90 code [0x000001905a3fa100, 0x000001905a3fa218]
Event: 13.706 Thread 0x000001906eb0a000 nmethod 1354 0x00000190530c3a90 code [0x00000190530c3dc0, 0x00000190530c4ed8]
Event: 13.706 Thread 0x000001906eb0a000 1360       3       jdk.internal.org.objectweb.asm.Frame::setLocal (65 bytes)
Event: 13.707 Thread 0x000001906eb0a000 nmethod 1360 0x00000190530c5490 code [0x00000190530c5660, 0x00000190530c5be8]
Event: 13.707 Thread 0x000001906eb0a000 1362       3       java.lang.invoke.MemberName::isField (8 bytes)
Event: 13.707 Thread 0x000001906eb0a000 nmethod 1362 0x00000190530c5d90 code [0x00000190530c5f40, 0x00000190530c6198]
Event: 13.707 Thread 0x000001906eb0a000 1361       3       java.lang.invoke.InvokerBytecodeGenerator::emitPushArgument (120 bytes)
Event: 13.707 Thread 0x000001906eb0a000 nmethod 1361 0x00000190530c6290 code [0x00000190530c6560, 0x00000190530c7428]
Event: 13.707 Thread 0x000001906eb0a000 1365       3       java.lang.invoke.LambdaForm$BasicType::basicTypeSlots (8 bytes)
Event: 13.707 Thread 0x000001906eb0a000 nmethod 1365 0x00000190530c7910 code [0x00000190530c7aa0, 0x00000190530c7c38]
Event: 13.707 Thread 0x000001906eb0a000 1366       1       java.lang.invoke.LambdaForm$NamedFunction::intrinsicName (5 bytes)
Event: 13.707 Thread 0x000001906eb0a000 nmethod 1366 0x000001905a3fae90 code [0x000001905a3fb020, 0x000001905a3fb0f8]
Event: 13.710 Thread 0x000001906eb0a000 1369       3       jdk.internal.math.FDBigInteger::mult (64 bytes)
Event: 13.710 Thread 0x000001906eb0a000 nmethod 1369 0x00000190530c7d10 code [0x00000190530c7ec0, 0x00000190530c8138]
Event: 13.710 Thread 0x000001906eb0a000 1370       3       jdk.internal.math.FDBigInteger::<init> (30 bytes)
Event: 13.710 Thread 0x000001906eb0a000 nmethod 1370 0x00000190530c8310 code [0x00000190530c84c0, 0x00000190530c86e8]

GC Heap History (2 events):
Event: 0.853 GC heap before
{Heap before GC invocations=0 (full 0):
 garbage-first heap   total 260096K, used 23552K [0x0000000702200000, 0x0000000800000000)
  region size 1024K, 23 young (23552K), 0 survivors (0K)
 Metaspace       used 4556K, capacity 7178K, committed 7424K, reserved 1056768K
  class space    used 601K, capacity 904K, committed 1024K, reserved 1048576K
}
Event: 0.856 GC heap after
{Heap after GC invocations=1 (full 0):
 garbage-first heap   total 260096K, used 2595K [0x0000000702200000, 0x0000000800000000)
  region size 1024K, 3 young (3072K), 3 survivors (3072K)
 Metaspace       used 4556K, capacity 7178K, committed 7424K, reserved 1056768K
  class space    used 601K, capacity 904K, committed 1024K, reserved 1048576K
}

Deoptimization events (20 events):
Event: 1.128 Thread 0x0000019049e21000 DEOPT PACKING pc=0x000001905a3dfd8c sp=0x000000562e4fd530
Event: 1.128 Thread 0x0000019049e21000 DEOPT UNPACKING pc=0x00000190528e912f sp=0x000000562e4fd418 mode 2
Event: 1.147 Thread 0x0000019049e21000 Uncommon trap: trap_request=0xffffff45 fr.pc=0x000001905a377fc8 relative=0x0000000000000288
Event: 1.147 Thread 0x0000019049e21000 Uncommon trap: reason=unstable_if action=reinterpret pc=0x000001905a377fc8 method=java.lang.String.isLatin1()Z @ 10 c2
Event: 1.147 Thread 0x0000019049e21000 DEOPT PACKING pc=0x000001905a377fc8 sp=0x000000562e4fc050
Event: 1.147 Thread 0x0000019049e21000 DEOPT UNPACKING pc=0x00000190528e912f sp=0x000000562e4fbf80 mode 2
Event: 1.185 Thread 0x0000019049e21000 Uncommon trap: trap_request=0xffffff45 fr.pc=0x000001905a3da56c relative=0x000000000000004c
Event: 1.185 Thread 0x0000019049e21000 Uncommon trap: reason=unstable_if action=reinterpret pc=0x000001905a3da56c method=java.util.stream.StreamOpFlag.fromCharacteristics(Ljava/util/Spliterator;)I @ 10 c2
Event: 1.185 Thread 0x0000019049e21000 DEOPT PACKING pc=0x000001905a3da56c sp=0x000000562e4fbff0
Event: 1.185 Thread 0x0000019049e21000 DEOPT UNPACKING pc=0x00000190528e912f sp=0x000000562e4fbf88 mode 2
Event: 406.417 Thread 0x000001906ecb9000 DEOPT PACKING pc=0x0000019052ebf604 sp=0x000000562f5fe450
Event: 406.417 Thread 0x000001906ecb9000 DEOPT UNPACKING pc=0x00000190528e964e sp=0x000000562f5fd940 mode 1
Event: 813.234 Thread 0x000001906ecb9000 DEOPT PACKING pc=0x0000019052ebf604 sp=0x000000562f5fe450
Event: 813.234 Thread 0x000001906ecb9000 DEOPT UNPACKING pc=0x00000190528e964e sp=0x000000562f5fd940 mode 1
Event: 1247.245 Thread 0x000001906ecb9000 DEOPT PACKING pc=0x0000019052ebf604 sp=0x000000562f5fe450
Event: 1247.245 Thread 0x000001906ecb9000 DEOPT UNPACKING pc=0x00000190528e964e sp=0x000000562f5fd940 mode 1
Event: 1581.618 Thread 0x000001906ecb9000 DEOPT PACKING pc=0x0000019052ebf604 sp=0x000000562f5fe450
Event: 1581.618 Thread 0x000001906ecb9000 DEOPT UNPACKING pc=0x00000190528e964e sp=0x000000562f5fd940 mode 1
Event: 1639.409 Thread 0x000001906ecb9000 DEOPT PACKING pc=0x0000019052ebf604 sp=0x000000562f5fe450
Event: 1639.409 Thread 0x000001906ecb9000 DEOPT UNPACKING pc=0x00000190528e964e sp=0x000000562f5fd940 mode 1

Classes unloaded (0 events):
No events

Classes redefined (5 events):
Event: 406.424 Thread 0x000001906e24d000 redefined class name=priorityqueues.ArrayHeapMinPQ, count=1
Event: 813.253 Thread 0x000001906e24d000 redefined class name=priorityqueues.ArrayHeapMinPQ, count=2
Event: 1247.262 Thread 0x000001906e24d000 redefined class name=priorityqueues.ArrayHeapMinPQ, count=3
Event: 1581.655 Thread 0x000001906e24d000 redefined class name=priorityqueues.ArrayHeapMinPQ, count=4
Event: 1639.417 Thread 0x000001906e24d000 redefined class name=priorityqueues.ArrayHeapMinPQ, count=5

Internal exceptions (20 events):
Event: 0.841 Thread 0x0000019049e21000 Exception <a 'java/lang/IncompatibleClassChangeError'{0x0000000710930e50}: Found class java.lang.Object, but interface was expected> (0x0000000710930e50) 
thrown [./src/hotspot/share/interpreter/linkResolver.cpp, line 832]
Event: 0.844 Thread 0x0000019049e21000 Exception <a 'java/lang/IncompatibleClassChangeError'{0x0000000710943fa8}: Found class java.lang.Object, but interface was expected> (0x0000000710943fa8) 
thrown [./src/hotspot/share/interpreter/linkResolver.cpp, line 832]
Event: 0.916 Thread 0x0000019049e21000 Exception <a 'java/lang/NoSuchMethodError'{0x0000000711b264f0}: 'java.lang.Object java.lang.invoke.DirectMethodHandle$Holder.invokeSpecialIFC(java.lang.Object, java.lang.Object, java.lang.Object, java.lang.Object)'> (0x0000000711b264f0) 
thrown [./src/hotspot/share/interpreter/linkResolver.cpp, line 766]
Event: 0.931 Thread 0x0000019049e21000 Exception <a 'java/lang/NoSuchMethodError'{0x0000000711bcf370}: 'void java.lang.invoke.DirectMethodHandle$Holder.invokeInterface(java.lang.Object, java.lang.Object, java.lang.Object, java.lang.Object, java.lang.Object)'> (0x0000000711bcf370) 
thrown [./src/hotspot/share/interpreter/linkResolver.cpp, line 766]
Event: 0.931 Thread 0x0000019049e21000 Exception <a 'java/lang/IncompatibleClassChangeError'{0x0000000711bd2550}: Found class java.lang.Object, but interface was expected> (0x0000000711bd2550) 
thrown [./src/hotspot/share/interpreter/linkResolver.cpp, line 832]
Event: 0.940 Thread 0x0000019049e21000 Exception <a 'java/lang/IncompatibleClassChangeError'{0x0000000711a14c00}: Found class java.lang.Object, but interface was expected> (0x0000000711a14c00) 
thrown [./src/hotspot/share/interpreter/linkResolver.cpp, line 832]
Event: 0.944 Thread 0x0000019049e21000 Exception <a 'java/lang/NoSuchMethodError'{0x0000000711a3b950}: 'void java.lang.invoke.DirectMethodHandle$Holder.invokeSpecial(java.lang.Object, java.lang.Object, java.lang.Object, java.lang.Object, java.lang.Object)'> (0x0000000711a3b950) 
thrown [./src/hotspot/share/interpreter/linkResolver.cpp, line 766]
Event: 0.947 Thread 0x0000019049e21000 Exception <a 'java/lang/NoSuchMethodError'{0x0000000711a591a8}: 'void java.lang.invoke.DirectMethodHandle$Holder.invokeSpecial(java.lang.Object, java.lang.Object, java.lang.Object, java.lang.Object)'> (0x0000000711a591a8) 
thrown [./src/hotspot/share/interpreter/linkResolver.cpp, line 766]
Event: 0.956 Thread 0x0000019049e21000 Exception <a 'java/lang/NoSuchMethodError'{0x0000000711928b18}: 'void java.lang.invoke.DirectMethodHandle$Holder.invokeInterface(java.lang.Object, java.lang.Object, java.lang.Object, java.lang.Object)'> (0x0000000711928b18) 
thrown [./src/hotspot/share/interpreter/linkResolver.cpp, line 766]
Event: 0.957 Thread 0x0000019049e21000 Exception <a 'java/lang/IncompatibleClassChangeError'{0x000000071192b540}: Found class java.lang.Object, but interface was expected> (0x000000071192b540) 
thrown [./src/hotspot/share/interpreter/linkResolver.cpp, line 832]
Event: 0.959 Thread 0x0000019049e21000 Exception <a 'java/lang/NoSuchMethodError'{0x0000000711941078}: 'void java.lang.invoke.DirectMethodHandle$Holder.invokeStatic(java.lang.Object, java.lang.Object, java.lang.Object, java.lang.Object)'> (0x0000000711941078) 
thrown [./src/hotspot/share/interpreter/linkResolver.cpp, line 766]
Event: 0.962 Thread 0x0000019049e21000 Exception <a 'java/lang/NoSuchMethodError'{0x0000000711953e80}: 'java.lang.Object java.lang.invoke.DirectMethodHandle$Holder.invokeVirtual(java.lang.Object, java.lang.Object, java.lang.Object)'> (0x0000000711953e80) 
thrown [./src/hotspot/share/interpreter/linkResolver.cpp, line 766]
Event: 0.978 Thread 0x0000019049e21000 Exception <a 'java/lang/NoSuchMethodError'{0x00000007119fc2f8}: 'java.lang.Object java.lang.invoke.Invokers$Holder.invokeExact_MT(java.lang.Object, java.lang.Object, java.lang.Object, java.lang.Object, java.lang.Object, java.lang.Object)'> (0x00000007119fc2f8) 
thrown [./src/hotspot/share/interpreter/linkResolver.cpp, line 766]
Event: 0.988 Thread 0x0000019049e21000 Exception <a 'java/lang/NoSuchMethodError'{0x0000000711861088}: 'void java.lang.invoke.DirectMethodHandle$Holder.invokeSpecial(java.lang.Object, java.lang.Object)'> (0x0000000711861088) 
thrown [./src/hotspot/share/interpreter/linkResolver.cpp, line 766]
Event: 1.005 Thread 0x0000019049e21000 Exception <a 'java/lang/NoSuchMethodError'{0x0000000711781268}: 'int java.lang.invoke.DirectMethodHandle$Holder.invokeStaticInit(java.lang.Object, java.lang.Object, java.lang.Object)'> (0x0000000711781268) 
thrown [./src/hotspot/share/interpreter/linkResolver.cpp, line 766]
Event: 1.063 Thread 0x0000019049e21000 Implicit null exception at 0x000001905a3d618e to 0x000001905a3d67f0
Event: 1.096 Thread 0x0000019049e21000 Exception <a 'java/lang/NoSuchMethodError'{0x00000007105d2d00}: 'int java.lang.invoke.DirectMethodHandle$Holder.invokeStaticInit(java.lang.Object, java.lang.Object)'> (0x00000007105d2d00) 
thrown [./src/hotspot/share/interpreter/linkResolver.cpp, line 766]
Event: 1.116 Thread 0x0000019049e21000 Exception <a 'java/lang/NoSuchMethodError'{0x0000000710452d00}: 'java.lang.Object java.lang.invoke.DirectMethodHandle$Holder.invokeInterface(java.lang.Object, java.lang.Object, java.lang.Object, java.lang.Object, java.lang.Object)'> (0x0000000710452d00) 
thrown [./src/hotspot/share/interpreter/linkResolver.cpp, line 766]
Event: 1.116 Thread 0x0000019049e21000 Exception <a 'java/lang/IncompatibleClassChangeError'{0x0000000710456008}: Found class java.lang.Object, but interface was expected> (0x0000000710456008) 
thrown [./src/hotspot/share/interpreter/linkResolver.cpp, line 832]
Event: 1639.563 Thread 0x000001906ecb9000 Exception <a 'java/lang/LinkageError'{0x000000071018d440}> (0x000000071018d440) 
thrown [./src/hotspot/share/oops/generateOopMap.cpp, line 2140]

Events (20 events):
Event: 1633.362 Executing VM operation: ChangeBreakpoints
Event: 1633.362 Executing VM operation: ChangeBreakpoints done
Event: 1639.403 Executing VM operation: ChangeBreakpoints
Event: 1639.403 Executing VM operation: ChangeBreakpoints done
Event: 1639.411 Executing VM operation: RedefineClasses
Event: 1639.424 Executing VM operation: RedefineClasses done
Event: 1639.429 Executing VM operation: GetFrameCount
Event: 1639.430 Executing VM operation: GetFrameCount done
Event: 1639.431 Executing VM operation: GetFrameCount
Event: 1639.431 Executing VM operation: GetFrameCount done
Event: 1639.436 Executing VM operation: GetStackTrace
Event: 1639.438 Executing VM operation: GetStackTrace done
Event: 1639.488 Executing VM operation: ChangeBreakpoints
Event: 1639.489 Executing VM operation: ChangeBreakpoints done
Event: 1639.518 Executing VM operation: GetFrameCount
Event: 1639.518 Executing VM operation: GetFrameCount done
Event: 1639.518 Executing VM operation: GetStackTrace
Event: 1639.518 Executing VM operation: GetStackTrace done
Event: 1639.562 Executing VM operation: GetFrameLocation
Event: 1639.563 Executing VM operation: GetFrameLocation done


Dynamic libraries:
0x00007ff7ce000000 - 0x00007ff7ce00d000 	C:\Users\18422\.jdks\adopt-openjdk-14.0.2\bin\java.exe
0x00007fffdec90000 - 0x00007fffdee85000 	C:\Windows\SYSTEM32\ntdll.dll
0x00007fffdddf0000 - 0x00007fffddead000 	C:\Windows\System32\KERNEL32.DLL
0x00007fffdc8f0000 - 0x00007fffdcbb8000 	C:\Windows\System32\KERNELBASE.dll
0x00007fffdc6e0000 - 0x00007fffdc7e0000 	C:\Windows\System32\ucrtbase.dll
0x00007fffbfd70000 - 0x00007fffbfd88000 	C:\Users\18422\.jdks\adopt-openjdk-14.0.2\bin\jli.dll
0x00007fffbfd50000 - 0x00007fffbfd65000 	C:\Users\18422\.jdks\adopt-openjdk-14.0.2\bin\VCRUNTIME140.dll
0x00007fffdd2b0000 - 0x00007fffdd450000 	C:\Windows\System32\USER32.dll
0x00007fffdcbc0000 - 0x00007fffdcbe2000 	C:\Windows\System32\win32u.dll
0x00007fffdea10000 - 0x00007fffdea3a000 	C:\Windows\System32\GDI32.dll
0x00007fffdc7e0000 - 0x00007fffdc8eb000 	C:\Windows\System32\gdi32full.dll
0x00007fffdc3d0000 - 0x00007fffdc46d000 	C:\Windows\System32\msvcp_win.dll
0x00007fffca020000 - 0x00007fffca2ba000 	C:\Windows\WinSxS\amd64_microsoft.windows.common-controls_6595b64144ccf1df_6.0.19041.844_none_ca00b6081b84eb1d\COMCTL32.dll
0x00007fffddf80000 - 0x00007fffde01e000 	C:\Windows\System32\msvcrt.dll
0x00007fffddd60000 - 0x00007fffddd90000 	C:\Windows\System32\IMM32.DLL
0x00007fffbfc80000 - 0x00007fffbfd1b000 	C:\Users\18422\.jdks\adopt-openjdk-14.0.2\bin\msvcp140.dll
0x00007fff61690000 - 0x00007fff62224000 	C:\Users\18422\.jdks\adopt-openjdk-14.0.2\bin\server\jvm.dll
0x00007fffdccf0000 - 0x00007fffdcd9c000 	C:\Windows\System32\ADVAPI32.dll
0x00007fffdd210000 - 0x00007fffdd2ab000 	C:\Windows\System32\sechost.dll
0x00007fffdd450000 - 0x00007fffdd57b000 	C:\Windows\System32\RPCRT4.dll
0x00007fffdd580000 - 0x00007fffdd588000 	C:\Windows\System32\PSAPI.DLL
0x00007fffca2c0000 - 0x00007fffca2e7000 	C:\Windows\SYSTEM32\WINMM.dll
0x00007fffaa8d0000 - 0x00007fffaa8d9000 	C:\Windows\SYSTEM32\WSOCK32.dll
0x00007fffd5ad0000 - 0x00007fffd5ada000 	C:\Windows\SYSTEM32\VERSION.dll
0x00007fffdd590000 - 0x00007fffdd5fb000 	C:\Windows\System32\WS2_32.dll
0x00007fffdac60000 - 0x00007fffdac72000 	C:\Windows\SYSTEM32\kernel.appcore.dll
0x00007fffd42c0000 - 0x00007fffd42ca000 	C:\Users\18422\.jdks\adopt-openjdk-14.0.2\bin\jimage.dll
0x00007fffdaa40000 - 0x00007fffdac24000 	C:\Windows\SYSTEM32\DBGHELP.DLL
0x00007fffc6300000 - 0x00007fffc632c000 	C:\Windows\SYSTEM32\dbgcore.DLL
0x00007fffdc660000 - 0x00007fffdc6e0000 	C:\Windows\System32\bcryptPrimitives.dll
0x00007fffb6930000 - 0x00007fffb6968000 	C:\Users\18422\.jdks\adopt-openjdk-14.0.2\bin\jdwp.dll
0x00007fffbfc50000 - 0x00007fffbfc75000 	C:\Users\18422\.jdks\adopt-openjdk-14.0.2\bin\java.dll
0x00007fffc0740000 - 0x00007fffc074e000 	C:\Users\18422\.jdks\adopt-openjdk-14.0.2\bin\instrument.dll
0x00007fffbfc10000 - 0x00007fffbfc26000 	C:\Users\18422\.jdks\adopt-openjdk-14.0.2\bin\zip.dll
0x00007fffde080000 - 0x00007fffde7c2000 	C:\Windows\System32\SHELL32.dll
0x00007fffda2a0000 - 0x00007fffdaa31000 	C:\Windows\SYSTEM32\windows.storage.dll
0x00007fffdceb0000 - 0x00007fffdd205000 	C:\Windows\System32\combase.dll
0x00007fffdbca0000 - 0x00007fffdbccc000 	C:\Windows\SYSTEM32\Wldp.dll
0x00007fffde900000 - 0x00007fffde9ae000 	C:\Windows\System32\SHCORE.dll
0x00007fffde020000 - 0x00007fffde075000 	C:\Windows\System32\shlwapi.dll
0x00007fffdc310000 - 0x00007fffdc32f000 	C:\Windows\SYSTEM32\profapi.dll
0x00007fffbfae0000 - 0x00007fffbfaea000 	C:\Users\18422\.jdks\adopt-openjdk-14.0.2\bin\dt_socket.dll
0x00007fffdb790000 - 0x00007fffdb7cb000 	C:\Windows\SYSTEM32\IPHLPAPI.DLL
0x00007fffdba80000 - 0x00007fffdbaea000 	C:\Windows\system32\mswsock.dll
0x00007fffbfbf0000 - 0x00007fffbfc09000 	C:\Users\18422\.jdks\adopt-openjdk-14.0.2\bin\net.dll
0x00007fffd4610000 - 0x00007fffd471b000 	C:\Windows\SYSTEM32\WINHTTP.dll
0x00007fffbfb80000 - 0x00007fffbfb92000 	C:\Users\18422\.jdks\adopt-openjdk-14.0.2\bin\nio.dll
0x00007fffc0410000 - 0x00007fffc0420000 	C:\Users\18422\.jdks\adopt-openjdk-14.0.2\bin\verify.dll

dbghelp: loaded successfully - version: 4.0.5 - missing functions: none
symbol engine: initialized successfully - sym options: 0x614 - pdb path: .;C:\Users\18422\.jdks\adopt-openjdk-14.0.2\bin;C:\Windows\SYSTEM32;C:\Windows\WinSxS\amd64_microsoft.windows.common-controls_6595b64144ccf1df_6.0.19041.844_none_ca00b6081b84eb1d;C:\Users\18422\.jdks\adopt-openjdk-14.0.2\bin\server

VM Arguments:
jvm_args: -agentlib:jdwp=transport=dt_socket,address=127.0.0.1:7001,suspend=y,server=n -ea -Didea.test.cyclic.buffer.size=1048576 -javaagent:C:\Users\18422\AppData\Local\JetBrains\IdeaIC2020.3\groovyHotSwap\gragent.jar -javaagent:C:\Users\18422\AppData\Local\JetBrains\IdeaIC2020.3\captureAgent\debugger-agent.jar -Dfile.encoding=UTF-8 
java_command: com.intellij.rt.junit.JUnitStarter -ideVersion5 -junit5 priorityqueues.ArrayHeapMinPQTests$Add3Same,removeMinRepeatedly_returnsAllItems
java_class_path (initial): C:\Program Files\JetBrains\IntelliJ IDEA Community Edition 2020.3.3\lib\idea_rt.jar;C:\Users\18422\.m2\repository\org\junit\platform\junit-platform-launcher\1.6.2\junit-platform-launcher-1.6.2.jar;C:\Users\18422\.m2\repository\org\apiguardian\apiguardian-api\1.1.0\apiguardian-api-1.1.0.jar;C:\Users\18422\.m2\repository\org\junit\platform\junit-platform-engine\1.6.2\junit-platform-engine-1.6.2.jar;C:\Users\18422\.m2\repository\org\opentest4j\opentest4j\1.2.0\opentest4j-1.2.0.jar;C:\Users\18422\.m2\repository\org\junit\platform\junit-platform-commons\1.6.2\junit-platform-commons-1.6.2.jar;C:\Program Files\JetBrains\IntelliJ IDEA Community Edition 2020.3.3\plugins\junit\lib\junit5-rt.jar;C:\Program Files\JetBrains\IntelliJ IDEA Community Edition 2020.3.3\plugins\junit\lib\junit-rt.jar;C:\Users\18422\IdeaProjects\xz081302\heap\out\test\classes;C:\Users\18422\IdeaProjects\xz081302\heap\out\production\classes;C:\Users\18422\IdeaProjects\xz081302\out\production\classes;C:\Users\18422\.gradle\caches\modules-2\files-2.1\edu.princeton.cs\algs4\1.0.4\198e45b1633a5c866fea303fb6c46e2806d1f406\algs4-1.0.4.jar;C:\Users\18422\IdeaProjects\xz081302\maps\out\production\classes;C:\Users\18422\.gradle\caches\modules-2\files-2.1\org.junit.jupiter\junit-jupiter-api\5.6.2\c9ba885abfe975cda123bf6f8f0a69a1b46956d0\junit-jupiter-api-5.6.2.jar;C:\Users\18422\.gradle\caches\modules-2\files-2.1\org.assertj\assertj-core\3.16.1\6e772120aff69ca3d1583b3d1b36b7529de43ba1\assertj-core-3.16.1.jar;C:\Users\18422\.gradle\caches\modules-2\files-2.1\org.junit.platform\junit-platform-commons\1.6.2\7644a14b329e76b5fe487628b50fb5eab6ba7d26\junit-platform-commons-1.6.2.jar;C:\Users\18422\.gradle\caches\modules-2\files-2.1\org.apiguardian\apiguardian-api\1.1.0\fc9dff4bb36d627bdc553de77e1f17efd790876c\apiguardian-api-1.1.0.jar;C:\Users\18422\.gradle\caches\modules-2\files-2.1\org.opentest4j\opentest4j\1.2.0\28c11eb91f9b6d8e200631d46e20a7f407f2a046\opentest4j-1.2.0.jar;C:\Users\18422
Launcher Type: SUN_STANDARD

[Global flags]
     intx CICompilerCount                          = 4                                         {product} {ergonomic}
     uint ConcGCThreads                            = 3                                         {product} {ergonomic}
     uint G1ConcRefinementThreads                  = 10                                        {product} {ergonomic}
   size_t G1HeapRegionSize                         = 1048576                                   {product} {ergonomic}
    uintx GCDrainStackTargetSize                   = 64                                        {product} {ergonomic}
   size_t InitialHeapSize                          = 266338304                                 {product} {ergonomic}
   size_t MarkStackSize                            = 4194304                                   {product} {ergonomic}
   size_t MaxHeapSize                              = 4259315712                                {product} {ergonomic}
   size_t MaxNewSize                               = 2555379712                                {product} {ergonomic}
   size_t MinHeapDeltaBytes                        = 1048576                                   {product} {ergonomic}
   size_t MinHeapSize                              = 8388608                                   {product} {ergonomic}
    uintx NonNMethodCodeHeapSize                   = 5839372                                {pd product} {ergonomic}
    uintx NonProfiledCodeHeapSize                  = 122909434                              {pd product} {ergonomic}
    uintx ProfiledCodeHeapSize                     = 122909434                              {pd product} {ergonomic}
    uintx ReservedCodeCacheSize                    = 251658240                              {pd product} {ergonomic}
     bool SegmentedCodeCache                       = true                                      {product} {ergonomic}
   size_t SoftMaxHeapSize                          = 4259315712                             {manageable} {ergonomic}
     bool UseCompressedClassPointers               = true                                 {lp64_product} {ergonomic}
     bool UseCompressedOops                        = true                                 {lp64_product} {ergonomic}
     bool UseG1GC                                  = true                                      {product} {ergonomic}
     bool UseLargePagesIndividualAllocation        = false                                  {pd product} {ergonomic}

Logging:
Log output configuration:
 #0: stdout all=warning uptime,level,tags
 #1: stderr all=off uptime,level,tags

Environment Variables:
JAVA_HOME=C:\Program Files\AdoptOpenJDK\jdk-15.0.1.9-hotspot\
PATH=C:\Program Files\AdoptOpenJDK\jdk-15.0.1.9-hotspot\bin;C:\Program Files\Common Files\Oracle\Java\javapath;C:\Program Files (x86)\Common Files\Intel\Shared Libraries\redist\intel64\compiler;C:\Program Files (x86)\Common Files\Oracle\Java\javapath;C:\Windows\system32;C:\Windows;C:\Windows\System32\Wbem;C:\Windows\System32\WindowsPowerShell\v1.0\;C:\Windows\System32\OpenSSH\;C:\Program Files (x86)\NVIDIA Corporation\PhysX\Common;C:\Program Files\NVIDIA Corporation\NVIDIA NvDLISR;C:\Program Files\Intel\WiFi\bin\;C:\Program Files\Common Files\Intel\WirelessCommon\;C:\Program Files (x86)\Intel\Intel(R) Management Engine Components\DAL;C:\Program Files\Intel\Intel(R) Management Engine Components\DAL;C:\Program Files (x86)\EasyShare\x86\;C:\Program Files (x86)\EasyShare\x64\;C:\Windows\system32;C:\Windows;C:\Windows\System32\Wbem;C:\Windows\System32\WindowsPowerShell\v1.0\;C:\Windows\System32\OpenSSH\;C:\Program Files\Git\cmd;C:\Users\18422\AppData\Local\Microsoft\WindowsApps;;C:\Users\18422\AppData\Local\Programs\Microsoft VS Code\bin
USERNAME=18422
OS=Windows_NT
PROCESSOR_IDENTIFIER=Intel64 Family 6 Model 158 Stepping 10, GenuineIntel



---------------  S Y S T E M  ---------------

OS: Windows 10 , 64 bit Build 19041 (10.0.19041.928)
OS uptime: 1 days 1:10 hours
HyperV virtualization detected

CPU:total 12 (initial active 12) (6 cores per cpu, 2 threads per core) family 6 model 158 stepping 10, cmov, cx8, fxsr, mmx, sse, sse2, sse3, ssse3, sse4.1, sse4.2, popcnt, avx, avx2, aes, clmul, erms, 3dnowpref, lzcnt, ht, tsc, tscinvbit, bmi1, bmi2, adx, fma

Memory: 4k page, system-wide physical 16240M (7398M free)
TotalPageFile size 25456M (AvailPageFile size 4135M)
current process WorkingSet (physical memory assigned to process): 24M, peak: 91M
current process commit charge ("private bytes"): 361M, peak: 373M

vm_info: OpenJDK 64-Bit Server VM (14.0.2+12) for windows-amd64 JRE (14.0.2+12), built on Jul 15 2020 11:30:16 by "" with MS VC++ 15.9 (VS2017)

END.
